============================================================
  Generated by:           Genus(TM) Synthesis Solution 21.14-s082_1
  Generated on:           Jan 10 2026  05:05:54 pm
  Module:                 uar
  Technology library:     tsl18fs120_scl_ss 1
  Operating conditions:   _nominal_ (balanced_tree)
  Wireload mode:          enclosed
  Area mode:              timing library
============================================================

                               
   Gate    Instances    Area          Library       
----------------------------------------------------
an02d1             5    78.400    tsl18fs120_scl_ss 
an12d1             1    21.950    tsl18fs120_scl_ss 
aoi211d1           1    18.820    tsl18fs120_scl_ss 
aoi22d1            1    18.820    tsl18fs120_scl_ss 
aoim211d1          1    21.950    tsl18fs120_scl_ss 
dfnrb1             3   188.160    tsl18fs120_scl_ss 
dfnrn1             1    59.580    tsl18fs120_scl_ss 
dfnrq1            20  1191.600    tsl18fs120_scl_ss 
inv0d0             2    12.540    tsl18fs120_scl_ss 
mx02d1             8   200.720    tsl18fs120_scl_ss 
nd02d1             7    87.780    tsl18fs120_scl_ss 
nd03d1             2    31.360    tsl18fs120_scl_ss 
nd04d1             1    18.820    tsl18fs120_scl_ss 
nr02d0             1    12.540    tsl18fs120_scl_ss 
nr02d1             4    50.160    tsl18fs120_scl_ss 
nr03d0             1    15.680    tsl18fs120_scl_ss 
nr03d1             1    15.680    tsl18fs120_scl_ss 
nr04d1             1    18.820    tsl18fs120_scl_ss 
oan211d1           5    94.100    tsl18fs120_scl_ss 
or04d0             1    25.090    tsl18fs120_scl_ss 
ora211d1           2    50.180    tsl18fs120_scl_ss 
----------------------------------------------------
total             69  2232.750                      


                                         
     Type      Instances   Area   Area % 
-----------------------------------------
sequential            24 1439.340   64.5 
inverter               2   12.540    0.6 
logic                 43  780.870   35.0 
physical_cells         0    0.000    0.0 
-----------------------------------------
total                 69 2232.750  100.0 

