============================================================
  Generated by:           Genus(TM) Synthesis Solution 21.14-s082_1
  Generated on:           Jan 10 2026  05:05:54 pm
  Module:                 uar
  Technology library:     tsl18fs120_scl_ss 1
  Operating conditions:   _nominal_ (balanced_tree)
  Wireload mode:          enclosed
  Area mode:              timing library
============================================================

         Pin                 Type     Fanout Load Slew Delay Arrival   
                                             (fF) (ps)  (ps)   (ps)    
-----------------------------------------------------------------------
(clock clk)                  launch                                0 R 
cov_count_reg_reg[3]/CP                            100    +0       0 R 
cov_count_reg_reg[3]/Q       dfnrq1        4 14.1  168  +635     635 F 
g599__5122/A4                                             +0     635   
g599__5122/Z                 or04d0        1  3.4  150  +469    1103 F 
g593__5526/A4                                             +0    1103   
g593__5526/ZN                nr04d1        4 10.7  873  +395    1498 R 
g587__6260/A2                                             +0    1498   
g587__6260/ZN                nr02d1        8 44.0  411  +321    1819 F 
g572__5115/S                                              +0    1819   
g572__5115/Z                 mx02d1        1  1.8  103  +396    2216 R 
s_p_dOut_reg[2]/D       <<<  dfnrq1                       +0    2216   
s_p_dOut_reg[2]/CP           setup                 100  +130    2345 R 
- - - - - - - - - - - - - - - - - - - - - - - - - - - - - - - - - - - -
(clock clk)                  capture                            5000 R 
-----------------------------------------------------------------------
Timing slack :    2655ps 
Start-point  : cov_count_reg_reg[3]/CP
End-point    : s_p_dOut_reg[2]/D

