============================================================
  Generated by:           Genus(TM) Synthesis Solution 21.14-s082_1
  Generated on:           Jan 10 2026  04:46:53 pm
  Module:                 mult_piped_8x8_2sC
  Technology library:     tsl18fs120_scl_ss 1
  Operating conditions:   _nominal_ (balanced_tree)
  Wireload mode:          enclosed
  Area mode:              timing library
============================================================

                               
  Gate    Instances    Area           Library       
----------------------------------------------------
ad01d1            4    238.320    tsl18fs120_scl_ss 
ah01d1            2     69.000    tsl18fs120_scl_ss 
an02d0            2     31.360    tsl18fs120_scl_ss 
an02d1            5     78.400    tsl18fs120_scl_ss 
an12d1            3     65.850    tsl18fs120_scl_ss 
aoi21d1           1     15.680    tsl18fs120_scl_ss 
aoi22d1          11    207.020    tsl18fs120_scl_ss 
aoim22d1          6    131.700    tsl18fs120_scl_ss 
aor21d1           1     21.950    tsl18fs120_scl_ss 
aor22d1           3     75.270    tsl18fs120_scl_ss 
cg01d0            6    169.320    tsl18fs120_scl_ss 
cg01d1            6    169.320    tsl18fs120_scl_ss 
dfnrq1          128   7626.240    tsl18fs120_scl_ss 
inv0d0           35    219.450    tsl18fs120_scl_ss 
inv0d1           26    244.660    tsl18fs120_scl_ss 
inv0d2            5     62.700    tsl18fs120_scl_ss 
inv0d4            1     18.820    tsl18fs120_scl_ss 
invbd2            3     47.040    tsl18fs120_scl_ss 
invbd4            2     43.900    tsl18fs120_scl_ss 
mx02d1            2     50.180    tsl18fs120_scl_ss 
nd02d0            1     12.540    tsl18fs120_scl_ss 
nd02d1           80   1003.200    tsl18fs120_scl_ss 
nd02d2           16    301.120    tsl18fs120_scl_ss 
nd03d1            7    109.760    tsl18fs120_scl_ss 
nd03d2            1     28.220    tsl18fs120_scl_ss 
nd12d1           61    956.480    tsl18fs120_scl_ss 
nd12d2            1     25.090    tsl18fs120_scl_ss 
nd13d1            2     43.900    tsl18fs120_scl_ss 
nr02d0            1     12.540    tsl18fs120_scl_ss 
nr02d1           22    275.880    tsl18fs120_scl_ss 
nr02d2            7    131.740    tsl18fs120_scl_ss 
nr03d2            1     31.360    tsl18fs120_scl_ss 
oai211d1          1     18.820    tsl18fs120_scl_ss 
oai21d1           2     31.360    tsl18fs120_scl_ss 
oai22d1           1     18.820    tsl18fs120_scl_ss 
oaim21d1         15    282.300    tsl18fs120_scl_ss 
oaim22d1         32    802.880    tsl18fs120_scl_ss 
or02d0            1     15.680    tsl18fs120_scl_ss 
or02d1            1     15.680    tsl18fs120_scl_ss 
ora31d2           1     28.220    tsl18fs120_scl_ss 
xn02d1            3    103.500    tsl18fs120_scl_ss 
xn02d2            1     37.630    tsl18fs120_scl_ss 
xr03d1           15    799.650    tsl18fs120_scl_ss 
xr03d2            1     56.450    tsl18fs120_scl_ss 
----------------------------------------------------
total           526  14729.000                      


                                          
     Type      Instances    Area   Area % 
------------------------------------------
sequential           128  7626.240   51.8 
inverter              72   636.570    4.3 
logic                326  6466.190   43.9 
physical_cells         0     0.000    0.0 
------------------------------------------
total                526 14729.000  100.0 

