============================================================
  Generated by:           Genus(TM) Synthesis Solution 21.14-s082_1
  Generated on:           Jan 10 2026  04:46:53 pm
  Module:                 mult_piped_8x8_2sC
  Technology library:     tsl18fs120_scl_ss 1
  Operating conditions:   _nominal_ (balanced_tree)
  Wireload mode:          enclosed
  Area mode:              timing library
============================================================

                     Pin                              Type      Fanout Load Slew Delay Arrival   
                                                                       (fF) (ps)  (ps)   (ps)    
-------------------------------------------------------------------------------------------------
(clock clk)                                          launch                                  0 R 
(in_del_1)                                           ext delay                      +1       1 F 
a[4]                                                 in port         3 27.6    0    +0       1 F 
g1339/I                                                                             +0       1   
g1339/ZN                                             invbd4          1  7.7   34   +25      26 R 
g1329__5526/A2                                                                      +0      26   
g1329__5526/ZN                                       nd02d2          1  7.6   82   +62      87 F 
g1316__9945/A1                                                                      +0      87   
g1316__9945/ZN                                       nr02d2          2  6.9  156  +101     188 R 
g3125/B1                                                                            +0     188   
g3125/ZN                                             oaim21d1        2  7.1  214  +210     398 R 
g1262__2802/A1                                                                      +0     398   
g1262__2802/ZN                                       nd02d1          1  7.3  145  +112     511 F 
g1261__1617/A2                                                                      +0     511   
g1261__1617/ZN                                       nd02d2          7 25.6  239  +155     666 R 
multiply_8x8_2sC_49_12:mul_67_17_g3043__4319/A1                                     +0     666   
multiply_8x8_2sC_49_12:mul_67_17_g3043__4319/ZN      nd02d2          3  9.1  113   +91     756 F 
multiply_8x8_2sC_49_12:mul_67_17_g3093__6783/A1                                     +0     756   
multiply_8x8_2sC_49_12:mul_67_17_g3093__6783/ZN      nd12d1          3 12.0  163  +202     959 F 
multiply_8x8_2sC_49_12:mul_67_17_g2860__1705/A2                                     +0     959   
multiply_8x8_2sC_49_12:mul_67_17_g2860__1705/Z       xr03d1          3 13.6  212  +546    1505 R 
multiply_8x8_2sC_49_12:mul_67_17_g2844/I                                            +0    1505   
multiply_8x8_2sC_49_12:mul_67_17_g2844/ZN            inv0d1          1  3.1   67   +53    1558 F 
multiply_8x8_2sC_49_12:mul_67_17_g2824__4733/A1                                     +0    1558   
multiply_8x8_2sC_49_12:mul_67_17_g2824__4733/Z       aor22d1         2  6.8  106  +178    1736 F 
multiply_8x8_2sC_49_12:mul_67_17_g2823/I                                            +0    1736   
multiply_8x8_2sC_49_12:mul_67_17_g2823/ZN            inv0d1          1  3.9   89   +74    1810 R 
multiply_8x8_2sC_49_12:mul_67_17_g2810__2802/A1                                     +0    1810   
multiply_8x8_2sC_49_12:mul_67_17_g2810__2802/ZN      aoi22d1         2  4.4  154   +71    1881 F 
multiply_8x8_2sC_49_12:mul_67_17_g2789/I                                            +0    1881   
multiply_8x8_2sC_49_12:mul_67_17_g2789/ZN            inv0d0          1  3.9  274  +178    2058 R 
multiply_8x8_2sC_49_12:mul_67_17_g2779__7098/A2                                     +0    2058   
multiply_8x8_2sC_49_12:mul_67_17_g2779__7098/ZN      nd12d1          2 10.6  165  +125    2183 F 
multiply_8x8_2sC_49_12:mul_67_17_g2761__5107/A2                                     +0    2183   
multiply_8x8_2sC_49_12:mul_67_17_g2761__5107/ZN      nd02d2          3 10.9  142  +116    2299 R 
multiply_8x8_2sC_49_12:mul_67_17_g2748__7482/A1                                     +0    2299   
multiply_8x8_2sC_49_12:mul_67_17_g2748__7482/ZN      nd02d1          1  6.4  127   +94    2393 F 
multiply_8x8_2sC_49_12:mul_67_17_g2744__7098/A1                                     +0    2393   
multiply_8x8_2sC_49_12:mul_67_17_g2744__7098/ZN      nd02d2          4 14.5  166  +106    2499 R 
multiply_8x8_2sC_49_12:mul_67_17_g2743__8246/A1                                     +0    2499   
multiply_8x8_2sC_49_12:mul_67_17_g2743__8246/ZN      nd03d1          1  2.9  124   +89    2588 F 
multiply_8x8_2sC_49_12:mul_67_17_g2741__1705/A                                      +0    2588   
multiply_8x8_2sC_49_12:mul_67_17_g2741__1705/ZN      oai211d1        3 11.0  359  +154    2743 R 
multiply_8x8_2sC_49_12:mul_67_17_g2739__1617/A2                                     +0    2743   
multiply_8x8_2sC_49_12:mul_67_17_g2739__1617/ZN      nd12d1          1  3.1  122   +91    2833 F 
multiply_8x8_2sC_49_12:mul_67_17_g2737__6783/A1                                     +0    2833   
multiply_8x8_2sC_49_12:mul_67_17_g2737__6783/ZN      nd02d1          3 11.0  234  +137    2970 R 
multiply_8x8_2sC_49_12:mul_67_17_g2735__8428/A2                                     +0    2970   
multiply_8x8_2sC_49_12:mul_67_17_g2735__8428/ZN      nd12d1          1  6.4  124   +99    3070 F 
multiply_8x8_2sC_49_12:mul_67_17_g2733__6260/A1                                     +0    3070   
multiply_8x8_2sC_49_12:mul_67_17_g2733__6260/ZN      nd02d2          1 12.7  154   +99    3169 R 
multiply_8x8_2sC_49_12:mul_67_17_g2732__5107/CI                                     +0    3169   
multiply_8x8_2sC_49_12:mul_67_17_g2732__5107/S       ad01d1          3 10.0  188  +512    3681 F 
g1137__7098/A1                                                                      +0    3681   
g1137__7098/ZN                                       nd12d1          2  7.4  132  +199    3880 F 
g1136__8246/B2                                                                      +0    3880   
g1136__8246/Z                                        ora31d2        16 53.4  282  +568    4448 F 
g1134__5122/A1                                                                      +0    4448   
g1134__5122/ZN                                       nd02d1          3 10.6  228  +173    4621 R 
g1112__6161/B1                                                                      +0    4621   
g1112__6161/ZN                                       oaim22d1        1  1.8  230  +228    4849 R 
yR_reg[0][13]/D                                 <<<  dfnrq1                         +0    4849   
yR_reg[0][13]/CP                                     setup                   100  +150    5000 R 
- - - - - - - - - - - - - - - - - - - - - - - - - - - - - - - - - - - - - - - - - - - - - - - - -
(clock clk)                                          capture                              5000 R 
-------------------------------------------------------------------------------------------------
Timing slack :       0ps 
Start-point  : a[4]
End-point    : yR_reg[0][13]/D

