============================================================
  Generated by:           Genus(TM) Synthesis Solution 21.14-s082_1
  Generated on:           Jan 10 2026  01:02:03 pm
  Module:                 RamChip
  Technology library:     tsl18fs120_scl_ss 1
  Operating conditions:   _nominal_ (balanced_tree)
  Wireload mode:          enclosed
  Area mode:              timing library
============================================================

     Pin          Type     Fanout Load Slew Delay Arrival   
                                  (fF) (ps)  (ps)   (ps)    
------------------------------------------------------------
Mem_reg[1][0]/E                           0    +0       0 R 
Mem_reg[1][0]/Q   lanhq1        1  3.1  153  +354     354 F 
g64__6260/B1                                   +0     354   
g64__6260/ZN      aoi22d1       1  4.0  226  +172     526 R 
g4__2398/I                                     +0     526   
g4__2398/ZN       invtd1        3 14.1   99   +82     608 F 
Mem_reg[1][0]/D   lanhq1                       +0     608   
Mem_reg[1][0]/E   setup                   0  +299     907 F 
------------------------------------------------------------
Timing slack :  UNCONSTRAINED
Start-point  : Mem_reg[1][0]/E
End-point    : Mem_reg[1][0]/D

