============================================================
  Generated by:           Genus(TM) Synthesis Solution 21.14-s082_1
  Generated on:           Jan 10 2026  01:02:04 pm
  Module:                 RamChip
  Technology library:     tsl18fs120_scl_ss 1
  Operating conditions:   _nominal_ (balanced_tree)
  Wireload mode:          enclosed
  Area mode:              timing library
============================================================

                            
  Gate   Instances   Area          Library       
-------------------------------------------------
aoi22d1          1   18.820    tsl18fs120_scl_ss 
inv0d0           1    6.270    tsl18fs120_scl_ss 
invtd1           1   15.680    tsl18fs120_scl_ss 
lanhq1           2   87.800    tsl18fs120_scl_ss 
nr03d0           2   31.360    tsl18fs120_scl_ss 
or02d0           1   15.680    tsl18fs120_scl_ss 
-------------------------------------------------
total            8  175.610                      


                                        
     Type      Instances   Area  Area % 
----------------------------------------
sequential             2  87.800   50.0 
inverter               1   6.270    3.6 
tristate               1  15.680    8.9 
logic                  4  65.860   37.5 
physical_cells         0   0.000    0.0 
----------------------------------------
total                  8 175.610  100.0 

