============================================================
  Generated by:           Genus(TM) Synthesis Solution 21.14-s082_1
  Generated on:           Jan 06 2026  08:12:25 pm
  Module:                 Shifter
  Technology library:     tsl18fs120_scl_ss 1
  Operating conditions:   _nominal_ (balanced_tree)
  Wireload mode:          enclosed
  Area mode:              timing library
============================================================

       Pin             Type     Fanout Load Slew Delay Arrival   
                                       (fF) (ps)  (ps)   (ps)    
-----------------------------------------------------------------
(clock clk)           launch                                 0 R 
Shift_reg_reg[0]/CP                          100    +0       0 R 
Shift_reg_reg[0]/Q    dfnrb1         2  6.5  133  +672     672 F 
g50__2398/C1                                        +0     672   
g50__2398/ZN          aoi322d1       1  1.4  326  +251     923 R 
g49/I                                               +0     923   
g49/ZN                inv0d0         1  1.8  115   +74     998 F 
Shift_reg_reg[0]/D    dfnrb1                        +0     998   
Shift_reg_reg[0]/CP   setup                  100  +218    1216 R 
- - - - - - - - - - - - - - - - - - - - - - - - - - - - - - - - -
(clock clk)           capture                             5000 R 
-----------------------------------------------------------------
Timing slack :    3784ps 
Start-point  : Shift_reg_reg[0]/CP
End-point    : Shift_reg_reg[0]/D

