============================================================
  Generated by:           Genus(TM) Synthesis Solution 21.14-s082_1
  Generated on:           Jan 06 2026  08:12:25 pm
  Module:                 Shifter
  Technology library:     tsl18fs120_scl_ss 1
  Operating conditions:   _nominal_ (balanced_tree)
  Wireload mode:          enclosed
  Area mode:              timing library
============================================================

                             
  Gate    Instances   Area          Library       
--------------------------------------------------
aoi322d1          1   34.500    tsl18fs120_scl_ss 
aor22d1           1   25.090    tsl18fs120_scl_ss 
dfnrb1            1   62.720    tsl18fs120_scl_ss 
dfnrq1            1   59.580    tsl18fs120_scl_ss 
inv0d0            2   12.540    tsl18fs120_scl_ss 
invtd1            1   15.680    tsl18fs120_scl_ss 
nr02d1            1   12.540    tsl18fs120_scl_ss 
--------------------------------------------------
total             8  222.650                      


                                        
     Type      Instances   Area  Area % 
----------------------------------------
sequential             2 122.300   54.9 
inverter               2  12.540    5.6 
tristate               1  15.680    7.0 
logic                  3  72.130   32.4 
physical_cells         0   0.000    0.0 
----------------------------------------
total                  8 222.650  100.0 

