============================================================
  Generated by:           Genus(TM) Synthesis Solution 21.14-s082_1
  Generated on:           Jan 13 2026  08:11:15 pm
  Module:                 async_up_counter
  Technology library:     tsl18fs120_scl_ss 1
  Operating conditions:   _nominal_ (balanced_tree)
  Wireload mode:          enclosed
  Area mode:              timing library
============================================================

    Pin               Type       Fanout Load Slew Delay Arrival   
                                        (fF) (ps)  (ps)   (ps)    
------------------------------------------------------------------
(clock clk)        launch                                  2500 F 
tf0_q_reg/CPN                                 100    +0    2500 F 
tf0_q_reg/Q   (i)  dfcfb1             2  0.0    0  +604    3104 R 
count[0]      <<<  interconnect                 0    +0    3104 R 
                   out port                          +0    3104 R 
(ou_del_1)         ext delay                         +1    3105 R 
- - - - - - - - - - - - - - - - - - - - - - - - - - - - - - - - - 
(clock clk)        capture                                 5000 R 
------------------------------------------------------------------
Timing slack :    1895ps 
Start-point  : tf0_q_reg/CPN
End-point    : count[0]

(i) : Net is ideal.

