============================================================
  Generated by:           Genus(TM) Synthesis Solution 21.14-s082_1
  Generated on:           Jan 13 2026  08:11:15 pm
  Module:                 async_up_counter
  Technology library:     tsl18fs120_scl_ss 1
  Operating conditions:   _nominal_ (balanced_tree)
  Wireload mode:          enclosed
  Area mode:              timing library
============================================================

                           
 Gate   Instances   Area          Library       
------------------------------------------------
dfcfb1          4  288.520    tsl18fs120_scl_ss 
inv0d0          1    6.270    tsl18fs120_scl_ss 
------------------------------------------------
total           5  294.790                      


                                        
     Type      Instances   Area  Area % 
----------------------------------------
sequential             4 288.520   97.9 
inverter               1   6.270    2.1 
physical_cells         0   0.000    0.0 
----------------------------------------
total                  5 294.790  100.0 

